Apr 03 2024 17:29:12
{"Number":2,"Message":"touch(): Utime failed: Operation not permitted","File":"\/var\/www\/html\/wp-content\/plugins\/all-in-one-wp-migration\/lib\/vendor\/servmask\/archiver\/class-ai1wm-extractor.php","Line":545}

Apr 03 2024 17:29:12
{"Number":2,"Message":"chmod(): Operation not permitted","File":"\/var\/www\/html\/wp-content\/plugins\/all-in-one-wp-migration\/lib\/vendor\/servmask\/archiver\/class-ai1wm-extractor.php","Line":548}

Apr 03 2024 17:29:16
{"Number":2,"Message":"touch(): Utime failed: Operation not permitted","File":"\/var\/www\/html\/wp-content\/plugins\/all-in-one-wp-migration\/lib\/vendor\/servmask\/archiver\/class-ai1wm-extractor.php","Line":545}

Apr 03 2024 17:29:16
{"Number":2,"Message":"chmod(): Operation not permitted","File":"\/var\/www\/html\/wp-content\/plugins\/all-in-one-wp-migration\/lib\/vendor\/servmask\/archiver\/class-ai1wm-extractor.php","Line":548}

Apr 03 2024 17:29:22
{"Number":2,"Message":"touch(): Utime failed: Operation not permitted","File":"\/var\/www\/html\/wp-content\/plugins\/all-in-one-wp-migration\/lib\/vendor\/servmask\/archiver\/class-ai1wm-extractor.php","Line":545}

Apr 03 2024 17:29:22
{"Number":2,"Message":"chmod(): Operation not permitted","File":"\/var\/www\/html\/wp-content\/plugins\/all-in-one-wp-migration\/lib\/vendor\/servmask\/archiver\/class-ai1wm-extractor.php","Line":548}

Apr 03 2024 17:29:32
{"Number":8192,"Message":"rtrim(): Passing null to parameter #1 ($string) of type string is deprecated","File":"\/var\/www\/html\/wp-includes\/formatting.php","Line":2831}

Apr 03 2024 17:29:32
{"Number":8192,"Message":"rtrim(): Passing null to parameter #1 ($string) of type string is deprecated","File":"\/var\/www\/html\/wp-includes\/formatting.php","Line":2831}

Apr 03 2024 17:29:32
{"Number":8192,"Message":"rtrim(): Passing null to parameter #1 ($string) of type string is deprecated","File":"\/var\/www\/html\/wp-includes\/formatting.php","Line":2831}

Apr 03 2024 17:29:32
{"Number":8192,"Message":"rtrim(): Passing null to parameter #1 ($string) of type string is deprecated","File":"\/var\/www\/html\/wp-includes\/formatting.php","Line":2831}

Apr 03 2024 17:29:32
{"Number":8192,"Message":"rtrim(): Passing null to parameter #1 ($string) of type string is deprecated","File":"\/var\/www\/html\/wp-includes\/formatting.php","Line":2831}

Apr 03 2024 17:29:32
{"Number":8192,"Message":"rtrim(): Passing null to parameter #1 ($string) of type string is deprecated","File":"\/var\/www\/html\/wp-includes\/formatting.php","Line":2831}

Apr 03 2024 17:29:38
{"type":8192,"message":"Return type of WPCF7_FormTag::offsetUnset($offset) should either be compatible with ArrayAccess::offsetUnset(mixed $offset): void, or the #[\\ReturnTypeWillChange] attribute should be used to temporarily suppress the notice","file":"\/var\/www\/html\/wp-content\/plugins\/contact-form-7\/includes\/form-tag.php","line":343}

Apr 03 2024 17:29:40
{"type":8192,"message":"Return type of WPCF7_FormTag::offsetUnset($offset) should either be compatible with ArrayAccess::offsetUnset(mixed $offset): void, or the #[\\ReturnTypeWillChange] attribute should be used to temporarily suppress the notice","file":"\/var\/www\/html\/wp-content\/plugins\/contact-form-7\/includes\/form-tag.php","line":343}

